CRITICAL - 2025-11-04 00:25:06 --> CodeIgniter\View\Exceptions\ViewException: Invalid file: "device_detect.php"
[Method: GET, Route: /]
in SYSTEMPATH\Exceptions\FrameworkException.php on line 39.
 1 SYSTEMPATH\View\View.php(214): CodeIgniter\Exceptions\FrameworkException::forInvalidFile('device_detect.php')
 2 SYSTEMPATH\Common.php(1167): CodeIgniter\View\View->render('device_detect', [], true)
 3 APPPATH\Controllers\Home.php(19): view('device_detect')
 4 SYSTEMPATH\CodeIgniter.php(933): App\Controllers\Home->home()
 5 SYSTEMPATH\CodeIgniter.php(507): CodeIgniter\CodeIgniter->runController(Object(App\Controllers\Home))
 6 SYSTEMPATH\CodeIgniter.php(354): CodeIgniter\CodeIgniter->handleRequest(null, Object(Config\Cache), false)
 7 SYSTEMPATH\Boot.php(363): CodeIgniter\CodeIgniter->run()
 8 SYSTEMPATH\Boot.php(68): CodeIgniter\Boot::runCodeIgniter(Object(CodeIgniter\CodeIgniter))
 9 FCPATH\index.php(59): CodeIgniter\Boot::bootWeb(Object(Config\Paths))
10 SYSTEMPATH\rewrite.php(44): require_once('C:\\laragon\\www\\Motivation\\motivation\\public\\index.php')
CRITICAL - 2025-11-04 00:25:47 --> CodeIgniter\View\Exceptions\ViewException: Invalid file: "device_detect.php"
[Method: GET, Route: /]
in SYSTEMPATH\Exceptions\FrameworkException.php on line 39.
 1 SYSTEMPATH\View\View.php(214): CodeIgniter\Exceptions\FrameworkException::forInvalidFile('device_detect.php')
 2 SYSTEMPATH\Common.php(1167): CodeIgniter\View\View->render('device_detect', [], true)
 3 APPPATH\Controllers\Home.php(19): view('device_detect')
 4 SYSTEMPATH\CodeIgniter.php(933): App\Controllers\Home->home()
 5 SYSTEMPATH\CodeIgniter.php(507): CodeIgniter\CodeIgniter->runController(Object(App\Controllers\Home))
 6 SYSTEMPATH\CodeIgniter.php(354): CodeIgniter\CodeIgniter->handleRequest(null, Object(Config\Cache), false)
 7 SYSTEMPATH\Boot.php(363): CodeIgniter\CodeIgniter->run()
 8 SYSTEMPATH\Boot.php(68): CodeIgniter\Boot::runCodeIgniter(Object(CodeIgniter\CodeIgniter))
 9 FCPATH\index.php(59): CodeIgniter\Boot::bootWeb(Object(Config\Paths))
10 SYSTEMPATH\rewrite.php(44): require_once('C:\\laragon\\www\\Motivation\\motivation\\public\\index.php')
CRITICAL - 2025-11-04 00:26:02 --> CodeIgniter\View\Exceptions\ViewException: Invalid file: "device_detect.php"
[Method: GET, Route: /]
in SYSTEMPATH\Exceptions\FrameworkException.php on line 39.
 1 SYSTEMPATH\View\View.php(214): CodeIgniter\Exceptions\FrameworkException::forInvalidFile('device_detect.php')
 2 SYSTEMPATH\Common.php(1167): CodeIgniter\View\View->render('device_detect', [], true)
 3 APPPATH\Controllers\Home.php(19): view('device_detect')
 4 SYSTEMPATH\CodeIgniter.php(933): App\Controllers\Home->home()
 5 SYSTEMPATH\CodeIgniter.php(507): CodeIgniter\CodeIgniter->runController(Object(App\Controllers\Home))
 6 SYSTEMPATH\CodeIgniter.php(354): CodeIgniter\CodeIgniter->handleRequest(null, Object(Config\Cache), false)
 7 SYSTEMPATH\Boot.php(363): CodeIgniter\CodeIgniter->run()
 8 SYSTEMPATH\Boot.php(68): CodeIgniter\Boot::runCodeIgniter(Object(CodeIgniter\CodeIgniter))
 9 FCPATH\index.php(59): CodeIgniter\Boot::bootWeb(Object(Config\Paths))
10 SYSTEMPATH\rewrite.php(44): require_once('C:\\laragon\\www\\Motivation\\motivation\\public\\index.php')
CRITICAL - 2025-11-04 00:26:13 --> CodeIgniter\View\Exceptions\ViewException: Invalid file: "resist.php"
[Method: GET, Route: resist]
in SYSTEMPATH\Exceptions\FrameworkException.php on line 39.
 1 SYSTEMPATH\View\View.php(214): CodeIgniter\Exceptions\FrameworkException::forInvalidFile('resist.php')
 2 SYSTEMPATH\Common.php(1167): CodeIgniter\View\View->render('resist', [], true)
 3 APPPATH\Controllers\Home.php(55): view('resist')
 4 SYSTEMPATH\CodeIgniter.php(933): App\Controllers\Home->resist()
 5 SYSTEMPATH\CodeIgniter.php(507): CodeIgniter\CodeIgniter->runController(Object(App\Controllers\Home))
 6 SYSTEMPATH\CodeIgniter.php(354): CodeIgniter\CodeIgniter->handleRequest(null, Object(Config\Cache), false)
 7 SYSTEMPATH\Boot.php(363): CodeIgniter\CodeIgniter->run()
 8 SYSTEMPATH\Boot.php(68): CodeIgniter\Boot::runCodeIgniter(Object(CodeIgniter\CodeIgniter))
 9 FCPATH\index.php(59): CodeIgniter\Boot::bootWeb(Object(Config\Paths))
10 SYSTEMPATH\rewrite.php(44): require_once('C:\\laragon\\www\\Motivation\\motivation\\public\\index.php')
CRITICAL - 2025-11-04 00:26:31 --> CodeIgniter\View\Exceptions\ViewException: Invalid file: "resist.php"
[Method: GET, Route: resist]
in SYSTEMPATH\Exceptions\FrameworkException.php on line 39.
 1 SYSTEMPATH\View\View.php(214): CodeIgniter\Exceptions\FrameworkException::forInvalidFile('resist.php')
 2 SYSTEMPATH\Common.php(1167): CodeIgniter\View\View->render('resist', [], true)
 3 APPPATH\Controllers\Home.php(55): view('resist')
 4 SYSTEMPATH\CodeIgniter.php(933): App\Controllers\Home->resist()
 5 SYSTEMPATH\CodeIgniter.php(507): CodeIgniter\CodeIgniter->runController(Object(App\Controllers\Home))
 6 SYSTEMPATH\CodeIgniter.php(354): CodeIgniter\CodeIgniter->handleRequest(null, Object(Config\Cache), false)
 7 SYSTEMPATH\Boot.php(363): CodeIgniter\CodeIgniter->run()
 8 SYSTEMPATH\Boot.php(68): CodeIgniter\Boot::runCodeIgniter(Object(CodeIgniter\CodeIgniter))
 9 FCPATH\index.php(59): CodeIgniter\Boot::bootWeb(Object(Config\Paths))
10 SYSTEMPATH\rewrite.php(44): require_once('C:\\laragon\\www\\Motivation\\motivation\\public\\index.php')
CRITICAL - 2025-11-04 00:26:32 --> CodeIgniter\View\Exceptions\ViewException: Invalid file: "resist.php"
[Method: GET, Route: resist]
in SYSTEMPATH\Exceptions\FrameworkException.php on line 39.
 1 SYSTEMPATH\View\View.php(214): CodeIgniter\Exceptions\FrameworkException::forInvalidFile('resist.php')
 2 SYSTEMPATH\Common.php(1167): CodeIgniter\View\View->render('resist', [], true)
 3 APPPATH\Controllers\Home.php(55): view('resist')
 4 SYSTEMPATH\CodeIgniter.php(933): App\Controllers\Home->resist()
 5 SYSTEMPATH\CodeIgniter.php(507): CodeIgniter\CodeIgniter->runController(Object(App\Controllers\Home))
 6 SYSTEMPATH\CodeIgniter.php(354): CodeIgniter\CodeIgniter->handleRequest(null, Object(Config\Cache), false)
 7 SYSTEMPATH\Boot.php(363): CodeIgniter\CodeIgniter->run()
 8 SYSTEMPATH\Boot.php(68): CodeIgniter\Boot::runCodeIgniter(Object(CodeIgniter\CodeIgniter))
 9 FCPATH\index.php(59): CodeIgniter\Boot::bootWeb(Object(Config\Paths))
10 SYSTEMPATH\rewrite.php(44): require_once('C:\\laragon\\www\\Motivation\\motivation\\public\\index.php')
CRITICAL - 2025-11-04 00:26:33 --> CodeIgniter\View\Exceptions\ViewException: Invalid file: "resist.php"
[Method: GET, Route: resist]
in SYSTEMPATH\Exceptions\FrameworkException.php on line 39.
 1 SYSTEMPATH\View\View.php(214): CodeIgniter\Exceptions\FrameworkException::forInvalidFile('resist.php')
 2 SYSTEMPATH\Common.php(1167): CodeIgniter\View\View->render('resist', [], true)
 3 APPPATH\Controllers\Home.php(55): view('resist')
 4 SYSTEMPATH\CodeIgniter.php(933): App\Controllers\Home->resist()
 5 SYSTEMPATH\CodeIgniter.php(507): CodeIgniter\CodeIgniter->runController(Object(App\Controllers\Home))
 6 SYSTEMPATH\CodeIgniter.php(354): CodeIgniter\CodeIgniter->handleRequest(null, Object(Config\Cache), false)
 7 SYSTEMPATH\Boot.php(363): CodeIgniter\CodeIgniter->run()
 8 SYSTEMPATH\Boot.php(68): CodeIgniter\Boot::runCodeIgniter(Object(CodeIgniter\CodeIgniter))
 9 FCPATH\index.php(59): CodeIgniter\Boot::bootWeb(Object(Config\Paths))
10 SYSTEMPATH\rewrite.php(44): require_once('C:\\laragon\\www\\Motivation\\motivation\\public\\index.php')
CRITICAL - 2025-11-04 00:26:33 --> CodeIgniter\View\Exceptions\ViewException: Invalid file: "resist.php"
[Method: GET, Route: resist]
in SYSTEMPATH\Exceptions\FrameworkException.php on line 39.
 1 SYSTEMPATH\View\View.php(214): CodeIgniter\Exceptions\FrameworkException::forInvalidFile('resist.php')
 2 SYSTEMPATH\Common.php(1167): CodeIgniter\View\View->render('resist', [], true)
 3 APPPATH\Controllers\Home.php(55): view('resist')
 4 SYSTEMPATH\CodeIgniter.php(933): App\Controllers\Home->resist()
 5 SYSTEMPATH\CodeIgniter.php(507): CodeIgniter\CodeIgniter->runController(Object(App\Controllers\Home))
 6 SYSTEMPATH\CodeIgniter.php(354): CodeIgniter\CodeIgniter->handleRequest(null, Object(Config\Cache), false)
 7 SYSTEMPATH\Boot.php(363): CodeIgniter\CodeIgniter->run()
 8 SYSTEMPATH\Boot.php(68): CodeIgniter\Boot::runCodeIgniter(Object(CodeIgniter\CodeIgniter))
 9 FCPATH\index.php(59): CodeIgniter\Boot::bootWeb(Object(Config\Paths))
10 SYSTEMPATH\rewrite.php(44): require_once('C:\\laragon\\www\\Motivation\\motivation\\public\\index.php')
CRITICAL - 2025-11-04 03:53:44 --> CodeIgniter\View\Exceptions\ViewException: Invalid file: "device_detect.php"
[Method: GET, Route: /]
in SYSTEMPATH\Exceptions\FrameworkException.php on line 39.
 1 SYSTEMPATH\View\View.php(214): CodeIgniter\Exceptions\FrameworkException::forInvalidFile('device_detect.php')
 2 SYSTEMPATH\Common.php(1167): CodeIgniter\View\View->render('device_detect', [], true)
 3 APPPATH\Controllers\Home.php(19): view('device_detect')
 4 SYSTEMPATH\CodeIgniter.php(933): App\Controllers\Home->home()
 5 SYSTEMPATH\CodeIgniter.php(507): CodeIgniter\CodeIgniter->runController(Object(App\Controllers\Home))
 6 SYSTEMPATH\CodeIgniter.php(354): CodeIgniter\CodeIgniter->handleRequest(null, Object(Config\Cache), false)
 7 SYSTEMPATH\Boot.php(363): CodeIgniter\CodeIgniter->run()
 8 SYSTEMPATH\Boot.php(68): CodeIgniter\Boot::runCodeIgniter(Object(CodeIgniter\CodeIgniter))
 9 FCPATH\index.php(59): CodeIgniter\Boot::bootWeb(Object(Config\Paths))
10 SYSTEMPATH\rewrite.php(44): require_once('C:\\laragon\\www\\Motivation\\motivation\\public\\index.php')
CRITICAL - 2025-11-04 03:54:47 --> CodeIgniter\View\Exceptions\ViewException: Invalid file: "device_detect.php"
[Method: GET, Route: /]
in SYSTEMPATH\Exceptions\FrameworkException.php on line 39.
 1 SYSTEMPATH\View\View.php(214): CodeIgniter\Exceptions\FrameworkException::forInvalidFile('device_detect.php')
 2 SYSTEMPATH\Common.php(1167): CodeIgniter\View\View->render('device_detect', [], true)
 3 APPPATH\Controllers\Home.php(19): view('device_detect')
 4 SYSTEMPATH\CodeIgniter.php(933): App\Controllers\Home->home()
 5 SYSTEMPATH\CodeIgniter.php(507): CodeIgniter\CodeIgniter->runController(Object(App\Controllers\Home))
 6 SYSTEMPATH\CodeIgniter.php(354): CodeIgniter\CodeIgniter->handleRequest(null, Object(Config\Cache), false)
 7 SYSTEMPATH\Boot.php(363): CodeIgniter\CodeIgniter->run()
 8 SYSTEMPATH\Boot.php(68): CodeIgniter\Boot::runCodeIgniter(Object(CodeIgniter\CodeIgniter))
 9 FCPATH\index.php(59): CodeIgniter\Boot::bootWeb(Object(Config\Paths))
10 SYSTEMPATH\rewrite.php(44): require_once('C:\\laragon\\www\\Motivation\\motivation\\public\\index.php')
CRITICAL - 2025-11-04 03:55:00 --> CodeIgniter\View\Exceptions\ViewException: Invalid file: "device_detect.php"
[Method: GET, Route: /]
in SYSTEMPATH\Exceptions\FrameworkException.php on line 39.
 1 SYSTEMPATH\View\View.php(214): CodeIgniter\Exceptions\FrameworkException::forInvalidFile('device_detect.php')
 2 SYSTEMPATH\Common.php(1167): CodeIgniter\View\View->render('device_detect', [], true)
 3 APPPATH\Controllers\Home.php(19): view('device_detect')
 4 SYSTEMPATH\CodeIgniter.php(933): App\Controllers\Home->home()
 5 SYSTEMPATH\CodeIgniter.php(507): CodeIgniter\CodeIgniter->runController(Object(App\Controllers\Home))
 6 SYSTEMPATH\CodeIgniter.php(354): CodeIgniter\CodeIgniter->handleRequest(null, Object(Config\Cache), false)
 7 SYSTEMPATH\Boot.php(363): CodeIgniter\CodeIgniter->run()
 8 SYSTEMPATH\Boot.php(68): CodeIgniter\Boot::runCodeIgniter(Object(CodeIgniter\CodeIgniter))
 9 FCPATH\index.php(59): CodeIgniter\Boot::bootWeb(Object(Config\Paths))
10 SYSTEMPATH\rewrite.php(44): require_once('C:\\laragon\\www\\Motivation\\motivation\\public\\index.php')
